<?xml version="1.0" encoding="UTF-8"?>
<!-- Generated by org.testng.reporters.JUnitReportReporter -->
<testsuite skipped="0" hostname="Pitiass-MacBook-Pro.local" name="apiScript.RestAPIredwood" tests="1" failures="0" timestamp="2020-09-01T22:49:18 EDT" time="1.165" errors="0">
  <testcase name="getHeader" time="1.165" classname="apiScript.RestAPIredwood"/>
  <system-out/>
</testsuite> <!-- apiScript.RestAPIredwood -->
