<?xml version="1.0" encoding="UTF-8"?>
<!-- Generated by org.testng.reporters.JUnitReportReporter -->
<testsuite skipped="0" hostname="Pitiass-MacBook-Pro.local" name="apiScript.RestAPI" tests="6" failures="0" timestamp="2020-09-03T15:57:22 EDT" time="2.537" errors="0">
  <testcase name="getHeader" time="0.120" classname="apiScript.RestAPI"/>
  <system-out/>
  <testcase name="getThirdData" time="0.122" classname="apiScript.RestAPI"/>
  <system-out/>
  <testcase name="postData" time="0.325" classname="apiScript.RestAPI"/>
  <system-out/>
  <testcase name="extractAndLoginTest" time="1.831" classname="apiScript.RestAPI"/>
  <system-out/>
  <testcase name="getContentType" time="0.137" classname="apiScript.RestAPI"/>
  <system-out/>
  <testcase name="getEmmaText" time="0.002" classname="apiScript.RestAPI"/>
  <system-out/>
</testsuite> <!-- apiScript.RestAPI -->
