<?xml version="1.0" encoding="UTF-8"?>
<!-- Generated by org.testng.reporters.JUnitReportReporter -->
<testsuite skipped="4" hostname="Pitiass-MBP.fios-router.home" name="apiScript.RestAPI" tests="6" failures="0" timestamp="2020-10-02T13:48:31 EDT" time="2.602" errors="0">
  <testcase name="extractAndLoginTest" time="2.487" classname="apiScript.RestAPI"/>
  <system-out/>
  <testcase name="getHeader" time="0.115" classname="apiScript.RestAPI"/>
  <system-out/>
  <testcase name="getEmmaText" classname="apiScript.RestAPI">
    <skipped/>
  </testcase> <!-- getEmmaText -->
  <system-out/>
  <testcase name="getThirdData" classname="apiScript.RestAPI">
    <skipped/>
  </testcase> <!-- getThirdData -->
  <system-out/>
  <testcase name="getContentType" classname="apiScript.RestAPI">
    <skipped/>
  </testcase> <!-- getContentType -->
  <system-out/>
  <testcase name="postData" classname="apiScript.RestAPI">
    <skipped/>
  </testcase> <!-- postData -->
  <system-out/>
</testsuite> <!-- apiScript.RestAPI -->
